<?xml version="1.0" encoding="UTF-8"?>
<testsuite xmlns:xsi="http://www.w3.org/2001/XMLSchema-instance" xsi:noNamespaceSchemaLocation="https://maven.apache.org/surefire/maven-surefire-plugin/xsd/surefire-test-report.xsd" name="com.PhoneValidator.PhoneControllerTests" time="10.374" tests="3" errors="0" skipped="0" failures="0">
  <properties>
[...]
</properties>
  <testcase name="testValidateEndpoint_Success" classname="com.PhoneValidator.PhoneControllerTests" time="0.288"/>
  <testcase name="testUploadCSVFile_EmptyFile" classname="com.PhoneValidator.PhoneControllerTests" time="0.071"/>
  <testcase name="testControllAndSavePhoneNumber_Valid" classname="com.PhoneValidator.PhoneControllerTests" time="0.023"/>
</testsuite>